{"/Users/neeleshvaikhary/projects2/lcgateway/src/dir.js": {"path":"/Users/neeleshvaikhary/projects2/lcgateway/src/dir.js","statementMap":{"0":{"start":{"line":1,"column":16},"end":{"line":1,"column":33}},"1":{"start":{"line":2,"column":11},"end":{"line":2,"column":24}},"2":{"start":{"line":8,"column":4},"end":{"line":20,"column":5}},"3":{"start":{"line":9,"column":8},"end":{"line":9,"column":56}},"4":{"start":{"line":10,"column":20},"end":{"line":10,"column":73}},"5":{"start":{"line":11,"column":23},"end":{"line":11,"column":25}},"6":{"start":{"line":12,"column":8},"end":{"line":15,"column":9}},"7":{"start":{"line":13,"column":12},"end":{"line":13,"column":66}},"8":{"start":{"line":14,"column":12},"end":{"line":14,"column":72}},"9":{"start":{"line":16,"column":8},"end":{"line":16,"column":20}},"10":{"start":{"line":18,"column":8},"end":{"line":18,"column":81}},"11":{"start":{"line":19,"column":8},"end":{"line":19,"column":17}},"12":{"start":{"line":24,"column":0},"end":{"line":24,"column":27}}},"fnMap":{"0":{"name":"mDirLoad","decl":{"start":{"line":7,"column":15},"end":{"line":7,"column":23}},"loc":{"start":{"line":7,"column":30},"end":{"line":21,"column":1}},"line":7}},"branchMap":{},"s":{"0":1,"1":1,"2":1,"3":1,"4":1,"5":0,"6":0,"7":0,"8":0,"9":0,"10":0,"11":0,"12":1},"f":{"0":1},"b":{},"_coverageSchema":"1a1c01bbd47fc00a2c39e90264f33305004495a9","hash":"85e7fcd5537aeb7c7fed222315e989ec822b73e7"}
,"/Users/neeleshvaikhary/projects2/lcgateway/src/rest/express.js": {"path":"/Users/neeleshvaikhary/projects2/lcgateway/src/rest/express.js","statementMap":{"0":{"start":{"line":7,"column":42},"end":{"line":7,"column":59}},"1":{"start":{"line":8,"column":16},"end":{"line":8,"column":34}},"2":{"start":{"line":9,"column":13},"end":{"line":9,"column":75}},"3":{"start":{"line":9,"column":31},"end":{"line":9,"column":74}},"4":{"start":{"line":11,"column":23},"end":{"line":28,"column":1}},"5":{"start":{"line":11,"column":35},"end":{"line":28,"column":1}},"6":{"start":{"line":11,"column":43},"end":{"line":28,"column":1}},"7":{"start":{"line":11,"column":53},"end":{"line":28,"column":1}},"8":{"start":{"line":11,"column":68},"end":{"line":28,"column":1}},"9":{"start":{"line":12,"column":29},"end":{"line":25,"column":5}},"10":{"start":{"line":12,"column":41},"end":{"line":25,"column":5}},"11":{"start":{"line":14,"column":8},"end":{"line":24,"column":9}},"12":{"start":{"line":15,"column":12},"end":{"line":23,"column":118}},"13":{"start":{"line":16,"column":16},"end":{"line":21,"column":17}},"14":{"start":{"line":17,"column":20},"end":{"line":17,"column":104}},"15":{"start":{"line":20,"column":20},"end":{"line":20,"column":29}},"16":{"start":{"line":23,"column":26},"end":{"line":23,"column":106}},"17":{"start":{"line":23,"column":107},"end":{"line":23,"column":116}},"18":{"start":{"line":26,"column":33},"end":{"line":26,"column":182}},"19":{"start":{"line":26,"column":44},"end":{"line":26,"column":182}},"20":{"start":{"line":26,"column":56},"end":{"line":26,"column":182}},"21":{"start":{"line":26,"column":64},"end":{"line":26,"column":182}},"22":{"start":{"line":26,"column":74},"end":{"line":26,"column":182}},"23":{"start":{"line":26,"column":84},"end":{"line":26,"column":165}},"24":{"start":{"line":26,"column":166},"end":{"line":26,"column":180}},"25":{"start":{"line":27,"column":4},"end":{"line":27,"column":169}},"26":{"start":{"line":30,"column":20},"end":{"line":36,"column":1}},"27":{"start":{"line":30,"column":29},"end":{"line":36,"column":1}},"28":{"start":{"line":31,"column":32},"end":{"line":31,"column":161}},"29":{"start":{"line":31,"column":43},"end":{"line":31,"column":161}},"30":{"start":{"line":31,"column":51},"end":{"line":31,"column":161}},"31":{"start":{"line":31,"column":61},"end":{"line":31,"column":161}},"32":{"start":{"line":31,"column":74},"end":{"line":31,"column":161}},"33":{"start":{"line":32,"column":28},"end":{"line":32,"column":159}},"34":{"start":{"line":32,"column":35},"end":{"line":32,"column":159}},"35":{"start":{"line":32,"column":44},"end":{"line":32,"column":146}},"36":{"start":{"line":32,"column":147},"end":{"line":32,"column":157}},"37":{"start":{"line":33,"column":29},"end":{"line":33,"column":181}},"38":{"start":{"line":33,"column":36},"end":{"line":33,"column":181}},"39":{"start":{"line":33,"column":45},"end":{"line":33,"column":168}},"40":{"start":{"line":33,"column":169},"end":{"line":33,"column":179}},"41":{"start":{"line":34,"column":28},"end":{"line":34,"column":147}},"42":{"start":{"line":34,"column":35},"end":{"line":34,"column":147}},"43":{"start":{"line":34,"column":42},"end":{"line":34,"column":147}},"44":{"start":{"line":35,"column":4},"end":{"line":35,"column":49}},"45":{"start":{"line":39,"column":17},"end":{"line":39,"column":102}},"46":{"start":{"line":39,"column":25},"end":{"line":39,"column":102}},"47":{"start":{"line":39,"column":36},"end":{"line":39,"column":102}},"48":{"start":{"line":39,"column":72},"end":{"line":39,"column":101}},"49":{"start":{"line":42,"column":18},"end":{"line":42,"column":49}},"50":{"start":{"line":42,"column":25},"end":{"line":42,"column":48}},"51":{"start":{"line":45,"column":0},"end":{"line":45,"column":53}}},"fnMap":{"0":{"name":"(anonymous_0)","decl":{"start":{"line":9,"column":21},"end":{"line":9,"column":22}},"loc":{"start":{"line":9,"column":31},"end":{"line":9,"column":74}},"line":9},"1":{"name":"(anonymous_1)","decl":{"start":{"line":11,"column":23},"end":{"line":11,"column":24}},"loc":{"start":{"line":11,"column":35},"end":{"line":28,"column":1}},"line":11},"2":{"name":"(anonymous_2)","decl":{"start":{"line":11,"column":35},"end":{"line":11,"column":36}},"loc":{"start":{"line":11,"column":43},"end":{"line":28,"column":1}},"line":11},"3":{"name":"(anonymous_3)","decl":{"start":{"line":11,"column":43},"end":{"line":11,"column":44}},"loc":{"start":{"line":11,"column":53},"end":{"line":28,"column":1}},"line":11},"4":{"name":"(anonymous_4)","decl":{"start":{"line":11,"column":53},"end":{"line":11,"column":54}},"loc":{"start":{"line":11,"column":68},"end":{"line":28,"column":1}},"line":11},"5":{"name":"(anonymous_5)","decl":{"start":{"line":11,"column":68},"end":{"line":11,"column":69}},"loc":{"start":{"line":11,"column":79},"end":{"line":28,"column":1}},"line":11},"6":{"name":"(anonymous_6)","decl":{"start":{"line":12,"column":29},"end":{"line":12,"column":30}},"loc":{"start":{"line":12,"column":41},"end":{"line":25,"column":5}},"line":12},"7":{"name":"(anonymous_7)","decl":{"start":{"line":12,"column":41},"end":{"line":12,"column":42}},"loc":{"start":{"line":12,"column":56},"end":{"line":25,"column":5}},"line":12},"8":{"name":"(anonymous_8)","decl":{"start":{"line":14,"column":15},"end":{"line":14,"column":16}},"loc":{"start":{"line":14,"column":41},"end":{"line":24,"column":9}},"line":14},"9":{"name":"(anonymous_9)","decl":{"start":{"line":26,"column":33},"end":{"line":26,"column":34}},"loc":{"start":{"line":26,"column":44},"end":{"line":26,"column":182}},"line":26},"10":{"name":"(anonymous_10)","decl":{"start":{"line":26,"column":44},"end":{"line":26,"column":45}},"loc":{"start":{"line":26,"column":56},"end":{"line":26,"column":182}},"line":26},"11":{"name":"(anonymous_11)","decl":{"start":{"line":26,"column":56},"end":{"line":26,"column":57}},"loc":{"start":{"line":26,"column":64},"end":{"line":26,"column":182}},"line":26},"12":{"name":"(anonymous_12)","decl":{"start":{"line":26,"column":64},"end":{"line":26,"column":65}},"loc":{"start":{"line":26,"column":74},"end":{"line":26,"column":182}},"line":26},"13":{"name":"(anonymous_13)","decl":{"start":{"line":26,"column":74},"end":{"line":26,"column":75}},"loc":{"start":{"line":26,"column":82},"end":{"line":26,"column":182}},"line":26},"14":{"name":"(anonymous_14)","decl":{"start":{"line":30,"column":20},"end":{"line":30,"column":21}},"loc":{"start":{"line":30,"column":29},"end":{"line":36,"column":1}},"line":30},"15":{"name":"(anonymous_15)","decl":{"start":{"line":30,"column":29},"end":{"line":30,"column":30}},"loc":{"start":{"line":30,"column":40},"end":{"line":36,"column":1}},"line":30},"16":{"name":"(anonymous_16)","decl":{"start":{"line":31,"column":32},"end":{"line":31,"column":33}},"loc":{"start":{"line":31,"column":43},"end":{"line":31,"column":161}},"line":31},"17":{"name":"(anonymous_17)","decl":{"start":{"line":31,"column":43},"end":{"line":31,"column":44}},"loc":{"start":{"line":31,"column":51},"end":{"line":31,"column":161}},"line":31},"18":{"name":"(anonymous_18)","decl":{"start":{"line":31,"column":51},"end":{"line":31,"column":52}},"loc":{"start":{"line":31,"column":61},"end":{"line":31,"column":161}},"line":31},"19":{"name":"(anonymous_19)","decl":{"start":{"line":31,"column":61},"end":{"line":31,"column":62}},"loc":{"start":{"line":31,"column":74},"end":{"line":31,"column":161}},"line":31},"20":{"name":"(anonymous_20)","decl":{"start":{"line":32,"column":28},"end":{"line":32,"column":29}},"loc":{"start":{"line":32,"column":35},"end":{"line":32,"column":159}},"line":32},"21":{"name":"(anonymous_21)","decl":{"start":{"line":32,"column":35},"end":{"line":32,"column":36}},"loc":{"start":{"line":32,"column":42},"end":{"line":32,"column":159}},"line":32},"22":{"name":"(anonymous_22)","decl":{"start":{"line":33,"column":29},"end":{"line":33,"column":30}},"loc":{"start":{"line":33,"column":36},"end":{"line":33,"column":181}},"line":33},"23":{"name":"(anonymous_23)","decl":{"start":{"line":33,"column":36},"end":{"line":33,"column":37}},"loc":{"start":{"line":33,"column":43},"end":{"line":33,"column":181}},"line":33},"24":{"name":"(anonymous_24)","decl":{"start":{"line":34,"column":28},"end":{"line":34,"column":29}},"loc":{"start":{"line":34,"column":35},"end":{"line":34,"column":147}},"line":34},"25":{"name":"(anonymous_25)","decl":{"start":{"line":34,"column":35},"end":{"line":34,"column":36}},"loc":{"start":{"line":34,"column":42},"end":{"line":34,"column":147}},"line":34},"26":{"name":"(anonymous_26)","decl":{"start":{"line":39,"column":17},"end":{"line":39,"column":18}},"loc":{"start":{"line":39,"column":25},"end":{"line":39,"column":102}},"line":39},"27":{"name":"(anonymous_27)","decl":{"start":{"line":39,"column":25},"end":{"line":39,"column":26}},"loc":{"start":{"line":39,"column":36},"end":{"line":39,"column":102}},"line":39},"28":{"name":"(anonymous_28)","decl":{"start":{"line":39,"column":66},"end":{"line":39,"column":67}},"loc":{"start":{"line":39,"column":72},"end":{"line":39,"column":101}},"line":39},"29":{"name":"(anonymous_29)","decl":{"start":{"line":42,"column":18},"end":{"line":42,"column":19}},"loc":{"start":{"line":42,"column":25},"end":{"line":42,"column":48}},"line":42}},"branchMap":{},"s":{"0":1,"1":1,"2":1,"3":0,"4":1,"5":0,"6":0,"7":0,"8":0,"9":0,"10":0,"11":0,"12":0,"13":0,"14":0,"15":0,"16":0,"17":0,"18":0,"19":0,"20":0,"21":0,"22":0,"23":0,"24":0,"25":0,"26":1,"27":0,"28":0,"29":0,"30":0,"31":0,"32":0,"33":0,"34":0,"35":0,"36":0,"37":0,"38":0,"39":0,"40":0,"41":0,"42":0,"43":0,"44":0,"45":1,"46":0,"47":0,"48":0,"49":1,"50":0,"51":1},"f":{"0":0,"1":0,"2":0,"3":0,"4":0,"5":0,"6":0,"7":0,"8":0,"9":0,"10":0,"11":0,"12":0,"13":0,"14":0,"15":0,"16":0,"17":0,"18":0,"19":0,"20":0,"21":0,"22":0,"23":0,"24":0,"25":0,"26":0,"27":0,"28":0,"29":0},"b":{},"_coverageSchema":"1a1c01bbd47fc00a2c39e90264f33305004495a9","hash":"26f7c3e1fd5917956de446aad67a762104efd76c"}
}
