{"/Users/neeleshvaikhary/projects2/lcgateway/src/monads/fs.js": {"path":"/Users/neeleshvaikhary/projects2/lcgateway/src/monads/fs.js","statementMap":{"0":{"start":{"line":4,"column":22},"end":{"line":4,"column":39}},"1":{"start":{"line":5,"column":11},"end":{"line":5,"column":33}},"2":{"start":{"line":6,"column":13},"end":{"line":6,"column":28}},"3":{"start":{"line":7,"column":15},"end":{"line":7,"column":53}},"4":{"start":{"line":12,"column":17},"end":{"line":12,"column":76}},"5":{"start":{"line":12,"column":29},"end":{"line":12,"column":76}},"6":{"start":{"line":12,"column":43},"end":{"line":12,"column":76}},"7":{"start":{"line":13,"column":21},"end":{"line":13,"column":38}},"8":{"start":{"line":18,"column":24},"end":{"line":18,"column":65}},"9":{"start":{"line":18,"column":41},"end":{"line":18,"column":65}},"10":{"start":{"line":26,"column":19},"end":{"line":35,"column":1}},"11":{"start":{"line":26,"column":29},"end":{"line":35,"column":1}},"12":{"start":{"line":26,"column":39},"end":{"line":35,"column":1}},"13":{"start":{"line":27,"column":4},"end":{"line":27,"column":49}},"14":{"start":{"line":28,"column":16},"end":{"line":28,"column":60}},"15":{"start":{"line":29,"column":18},"end":{"line":29,"column":20}},"16":{"start":{"line":30,"column":4},"end":{"line":33,"column":5}},"17":{"start":{"line":31,"column":8},"end":{"line":31,"column":63}},"18":{"start":{"line":32,"column":8},"end":{"line":32,"column":77}},"19":{"start":{"line":34,"column":4},"end":{"line":34,"column":16}},"20":{"start":{"line":40,"column":0},"end":{"line":40,"column":72}}},"fnMap":{"0":{"name":"(anonymous_0)","decl":{"start":{"line":12,"column":17},"end":{"line":12,"column":18}},"loc":{"start":{"line":12,"column":29},"end":{"line":12,"column":76}},"line":12},"1":{"name":"(anonymous_1)","decl":{"start":{"line":12,"column":29},"end":{"line":12,"column":30}},"loc":{"start":{"line":12,"column":43},"end":{"line":12,"column":76}},"line":12},"2":{"name":"(anonymous_2)","decl":{"start":{"line":18,"column":24},"end":{"line":18,"column":25}},"loc":{"start":{"line":18,"column":41},"end":{"line":18,"column":65}},"line":18},"3":{"name":"(anonymous_3)","decl":{"start":{"line":26,"column":19},"end":{"line":26,"column":20}},"loc":{"start":{"line":26,"column":29},"end":{"line":35,"column":1}},"line":26},"4":{"name":"(anonymous_4)","decl":{"start":{"line":26,"column":29},"end":{"line":26,"column":30}},"loc":{"start":{"line":26,"column":39},"end":{"line":35,"column":1}},"line":26},"5":{"name":"(anonymous_5)","decl":{"start":{"line":26,"column":39},"end":{"line":26,"column":40}},"loc":{"start":{"line":26,"column":53},"end":{"line":35,"column":1}},"line":26}},"branchMap":{},"s":{"0":1,"1":1,"2":1,"3":1,"4":1,"5":1,"6":1,"7":1,"8":1,"9":2,"10":1,"11":1,"12":1,"13":1,"14":1,"15":1,"16":1,"17":2,"18":2,"19":1,"20":1},"f":{"0":1,"1":1,"2":2,"3":1,"4":1,"5":1},"b":{},"_coverageSchema":"1a1c01bbd47fc00a2c39e90264f33305004495a9","hash":"4d80e0ffa658e04b4cf6c3fbb23f100d281e2bec"}
,"/Users/neeleshvaikhary/projects2/lcgateway/src/rest/express.js": {"path":"/Users/neeleshvaikhary/projects2/lcgateway/src/rest/express.js","statementMap":{"0":{"start":{"line":7,"column":43},"end":{"line":7,"column":60}},"1":{"start":{"line":8,"column":11},"end":{"line":8,"column":24}},"2":{"start":{"line":9,"column":29},"end":{"line":9,"column":65}},"3":{"start":{"line":10,"column":19},"end":{"line":10,"column":34}},"4":{"start":{"line":12,"column":16},"end":{"line":12,"column":36}},"5":{"start":{"line":13,"column":19},"end":{"line":13,"column":41}},"6":{"start":{"line":14,"column":0},"end":{"line":14,"column":56}},"7":{"start":{"line":15,"column":0},"end":{"line":15,"column":31}},"8":{"start":{"line":17,"column":18},"end":{"line":17,"column":47}},"9":{"start":{"line":18,"column":13},"end":{"line":18,"column":75}},"10":{"start":{"line":18,"column":31},"end":{"line":18,"column":74}},"11":{"start":{"line":21,"column":19},"end":{"line":60,"column":1}},"12":{"start":{"line":21,"column":27},"end":{"line":60,"column":1}},"13":{"start":{"line":23,"column":27},"end":{"line":41,"column":5}},"14":{"start":{"line":23,"column":35},"end":{"line":41,"column":5}},"15":{"start":{"line":23,"column":43},"end":{"line":41,"column":5}},"16":{"start":{"line":23,"column":53},"end":{"line":41,"column":5}},"17":{"start":{"line":24,"column":28},"end":{"line":24,"column":64}},"18":{"start":{"line":25,"column":25},"end":{"line":25,"column":38}},"19":{"start":{"line":26,"column":33},"end":{"line":38,"column":9}},"20":{"start":{"line":27,"column":12},"end":{"line":37,"column":13}},"21":{"start":{"line":28,"column":16},"end":{"line":36,"column":111}},"22":{"start":{"line":30,"column":20},"end":{"line":34,"column":21}},"23":{"start":{"line":31,"column":24},"end":{"line":31,"column":97}},"24":{"start":{"line":33,"column":24},"end":{"line":33,"column":33}},"25":{"start":{"line":36,"column":30},"end":{"line":36,"column":99}},"26":{"start":{"line":36,"column":100},"end":{"line":36,"column":109}},"27":{"start":{"line":39,"column":37},"end":{"line":39,"column":127}},"28":{"start":{"line":39,"column":47},"end":{"line":39,"column":110}},"29":{"start":{"line":39,"column":111},"end":{"line":39,"column":125}},"30":{"start":{"line":40,"column":8},"end":{"line":40,"column":107}},"31":{"start":{"line":43,"column":28},"end":{"line":43,"column":110}},"32":{"start":{"line":43,"column":35},"end":{"line":43,"column":110}},"33":{"start":{"line":43,"column":44},"end":{"line":43,"column":97}},"34":{"start":{"line":43,"column":98},"end":{"line":43,"column":108}},"35":{"start":{"line":44,"column":29},"end":{"line":44,"column":181}},"36":{"start":{"line":44,"column":36},"end":{"line":44,"column":181}},"37":{"start":{"line":44,"column":45},"end":{"line":44,"column":168}},"38":{"start":{"line":44,"column":169},"end":{"line":44,"column":179}},"39":{"start":{"line":47,"column":4},"end":{"line":51,"column":28}},"40":{"start":{"line":52,"column":4},"end":{"line":58,"column":7}},"41":{"start":{"line":54,"column":8},"end":{"line":57,"column":11}},"42":{"start":{"line":59,"column":4},"end":{"line":59,"column":108}},"43":{"start":{"line":63,"column":17},"end":{"line":63,"column":93}},"44":{"start":{"line":63,"column":25},"end":{"line":63,"column":93}},"45":{"start":{"line":63,"column":36},"end":{"line":63,"column":93}},"46":{"start":{"line":63,"column":63},"end":{"line":63,"column":92}},"47":{"start":{"line":66,"column":18},"end":{"line":66,"column":31}},"48":{"start":{"line":66,"column":24},"end":{"line":66,"column":31}},"49":{"start":{"line":69,"column":0},"end":{"line":69,"column":52}}},"fnMap":{"0":{"name":"(anonymous_0)","decl":{"start":{"line":18,"column":21},"end":{"line":18,"column":22}},"loc":{"start":{"line":18,"column":31},"end":{"line":18,"column":74}},"line":18},"1":{"name":"(anonymous_1)","decl":{"start":{"line":21,"column":19},"end":{"line":21,"column":20}},"loc":{"start":{"line":21,"column":27},"end":{"line":60,"column":1}},"line":21},"2":{"name":"(anonymous_2)","decl":{"start":{"line":21,"column":27},"end":{"line":21,"column":28}},"loc":{"start":{"line":21,"column":38},"end":{"line":60,"column":1}},"line":21},"3":{"name":"(anonymous_3)","decl":{"start":{"line":23,"column":27},"end":{"line":23,"column":28}},"loc":{"start":{"line":23,"column":35},"end":{"line":41,"column":5}},"line":23},"4":{"name":"(anonymous_4)","decl":{"start":{"line":23,"column":35},"end":{"line":23,"column":36}},"loc":{"start":{"line":23,"column":43},"end":{"line":41,"column":5}},"line":23},"5":{"name":"(anonymous_5)","decl":{"start":{"line":23,"column":43},"end":{"line":23,"column":44}},"loc":{"start":{"line":23,"column":53},"end":{"line":41,"column":5}},"line":23},"6":{"name":"(anonymous_6)","decl":{"start":{"line":23,"column":53},"end":{"line":23,"column":54}},"loc":{"start":{"line":23,"column":64},"end":{"line":41,"column":5}},"line":23},"7":{"name":"(anonymous_7)","decl":{"start":{"line":26,"column":33},"end":{"line":26,"column":34}},"loc":{"start":{"line":26,"column":39},"end":{"line":38,"column":9}},"line":26},"8":{"name":"(anonymous_8)","decl":{"start":{"line":27,"column":19},"end":{"line":27,"column":20}},"loc":{"start":{"line":27,"column":45},"end":{"line":37,"column":13}},"line":27},"9":{"name":"(anonymous_9)","decl":{"start":{"line":39,"column":37},"end":{"line":39,"column":38}},"loc":{"start":{"line":39,"column":45},"end":{"line":39,"column":127}},"line":39},"10":{"name":"(anonymous_10)","decl":{"start":{"line":43,"column":28},"end":{"line":43,"column":29}},"loc":{"start":{"line":43,"column":35},"end":{"line":43,"column":110}},"line":43},"11":{"name":"(anonymous_11)","decl":{"start":{"line":43,"column":35},"end":{"line":43,"column":36}},"loc":{"start":{"line":43,"column":42},"end":{"line":43,"column":110}},"line":43},"12":{"name":"(anonymous_12)","decl":{"start":{"line":44,"column":29},"end":{"line":44,"column":30}},"loc":{"start":{"line":44,"column":36},"end":{"line":44,"column":181}},"line":44},"13":{"name":"(anonymous_13)","decl":{"start":{"line":44,"column":36},"end":{"line":44,"column":37}},"loc":{"start":{"line":44,"column":43},"end":{"line":44,"column":181}},"line":44},"14":{"name":"(anonymous_14)","decl":{"start":{"line":52,"column":16},"end":{"line":52,"column":17}},"loc":{"start":{"line":52,"column":41},"end":{"line":58,"column":5}},"line":52},"15":{"name":"(anonymous_15)","decl":{"start":{"line":63,"column":17},"end":{"line":63,"column":18}},"loc":{"start":{"line":63,"column":25},"end":{"line":63,"column":93}},"line":63},"16":{"name":"(anonymous_16)","decl":{"start":{"line":63,"column":25},"end":{"line":63,"column":26}},"loc":{"start":{"line":63,"column":36},"end":{"line":63,"column":93}},"line":63},"17":{"name":"(anonymous_17)","decl":{"start":{"line":63,"column":57},"end":{"line":63,"column":58}},"loc":{"start":{"line":63,"column":63},"end":{"line":63,"column":92}},"line":63},"18":{"name":"(anonymous_18)","decl":{"start":{"line":66,"column":18},"end":{"line":66,"column":19}},"loc":{"start":{"line":66,"column":24},"end":{"line":66,"column":31}},"line":66}},"branchMap":{"0":{"loc":{"start":{"line":54,"column":19},"end":{"line":54,"column":36}},"type":"binary-expr","locations":[{"start":{"line":54,"column":19},"end":{"line":54,"column":29}},{"start":{"line":54,"column":33},"end":{"line":54,"column":36}}],"line":54}},"s":{"0":1,"1":1,"2":1,"3":1,"4":1,"5":1,"6":1,"7":1,"8":1,"9":1,"10":0,"11":1,"12":0,"13":0,"14":0,"15":0,"16":0,"17":0,"18":0,"19":0,"20":0,"21":0,"22":0,"23":0,"24":0,"25":0,"26":0,"27":0,"28":0,"29":0,"30":0,"31":0,"32":0,"33":0,"34":0,"35":0,"36":0,"37":0,"38":0,"39":0,"40":0,"41":0,"42":0,"43":1,"44":0,"45":0,"46":0,"47":1,"48":0,"49":1},"f":{"0":0,"1":0,"2":0,"3":0,"4":0,"5":0,"6":0,"7":0,"8":0,"9":0,"10":0,"11":0,"12":0,"13":0,"14":0,"15":0,"16":0,"17":0,"18":0},"b":{"0":[0,0]},"_coverageSchema":"1a1c01bbd47fc00a2c39e90264f33305004495a9","hash":"f893f738ecc625214fb3b902da44138a45db75b6"}
}
