TN:
SF:src/dir.js
FN:7,mDirLoad
FNF:1
FNH:1
FNDA:1,mDirLoad
DA:1,1
DA:2,1
DA:8,1
DA:9,1
DA:10,1
DA:11,0
DA:12,0
DA:13,0
DA:14,0
DA:16,0
DA:18,0
DA:19,0
DA:24,1
LF:13
LH:6
BRF:0
BRH:0
end_of_record
TN:
SF:src/rest/express.js
FN:9,(anonymous_0)
FN:11,(anonymous_1)
FN:11,(anonymous_2)
FN:11,(anonymous_3)
FN:11,(anonymous_4)
FN:11,(anonymous_5)
FN:12,(anonymous_6)
FN:12,(anonymous_7)
FN:14,(anonymous_8)
FN:26,(anonymous_9)
FN:26,(anonymous_10)
FN:26,(anonymous_11)
FN:26,(anonymous_12)
FN:26,(anonymous_13)
FN:30,(anonymous_14)
FN:30,(anonymous_15)
FN:31,(anonymous_16)
FN:31,(anonymous_17)
FN:31,(anonymous_18)
FN:31,(anonymous_19)
FN:32,(anonymous_20)
FN:32,(anonymous_21)
FN:33,(anonymous_22)
FN:33,(anonymous_23)
FN:34,(anonymous_24)
FN:34,(anonymous_25)
FN:39,(anonymous_26)
FN:39,(anonymous_27)
FN:39,(anonymous_28)
FN:42,(anonymous_29)
FNF:30
FNH:0
FNDA:0,(anonymous_0)
FNDA:0,(anonymous_1)
FNDA:0,(anonymous_2)
FNDA:0,(anonymous_3)
FNDA:0,(anonymous_4)
FNDA:0,(anonymous_5)
FNDA:0,(anonymous_6)
FNDA:0,(anonymous_7)
FNDA:0,(anonymous_8)
FNDA:0,(anonymous_9)
FNDA:0,(anonymous_10)
FNDA:0,(anonymous_11)
FNDA:0,(anonymous_12)
FNDA:0,(anonymous_13)
FNDA:0,(anonymous_14)
FNDA:0,(anonymous_15)
FNDA:0,(anonymous_16)
FNDA:0,(anonymous_17)
FNDA:0,(anonymous_18)
FNDA:0,(anonymous_19)
FNDA:0,(anonymous_20)
FNDA:0,(anonymous_21)
FNDA:0,(anonymous_22)
FNDA:0,(anonymous_23)
FNDA:0,(anonymous_24)
FNDA:0,(anonymous_25)
FNDA:0,(anonymous_26)
FNDA:0,(anonymous_27)
FNDA:0,(anonymous_28)
FNDA:0,(anonymous_29)
DA:7,1
DA:8,1
DA:9,1
DA:11,1
DA:12,0
DA:14,0
DA:15,0
DA:16,0
DA:17,0
DA:20,0
DA:23,0
DA:26,0
DA:27,0
DA:30,1
DA:31,0
DA:32,0
DA:33,0
DA:34,0
DA:35,0
DA:39,1
DA:42,1
DA:45,1
LF:22
LH:8
BRF:0
BRH:0
end_of_record
