TN:
SF:src/monads/fs.js
FN:12,(anonymous_0)
FN:12,(anonymous_1)
FN:18,(anonymous_2)
FN:26,(anonymous_3)
FN:26,(anonymous_4)
FN:26,(anonymous_5)
FNF:6
FNH:6
FNDA:1,(anonymous_0)
FNDA:1,(anonymous_1)
FNDA:2,(anonymous_2)
FNDA:1,(anonymous_3)
FNDA:1,(anonymous_4)
FNDA:1,(anonymous_5)
DA:4,1
DA:5,1
DA:6,1
DA:7,1
DA:12,1
DA:13,1
DA:18,2
DA:26,1
DA:27,1
DA:28,1
DA:29,1
DA:30,1
DA:31,2
DA:32,2
DA:34,1
DA:40,1
LF:16
LH:16
BRF:0
BRH:0
end_of_record
TN:
SF:src/rest/express.js
FN:18,(anonymous_0)
FN:21,(anonymous_1)
FN:21,(anonymous_2)
FN:23,(anonymous_3)
FN:23,(anonymous_4)
FN:23,(anonymous_5)
FN:23,(anonymous_6)
FN:26,(anonymous_7)
FN:27,(anonymous_8)
FN:39,(anonymous_9)
FN:43,(anonymous_10)
FN:43,(anonymous_11)
FN:44,(anonymous_12)
FN:44,(anonymous_13)
FN:52,(anonymous_14)
FN:63,(anonymous_15)
FN:63,(anonymous_16)
FN:63,(anonymous_17)
FN:66,(anonymous_18)
FNF:19
FNH:0
FNDA:0,(anonymous_0)
FNDA:0,(anonymous_1)
FNDA:0,(anonymous_2)
FNDA:0,(anonymous_3)
FNDA:0,(anonymous_4)
FNDA:0,(anonymous_5)
FNDA:0,(anonymous_6)
FNDA:0,(anonymous_7)
FNDA:0,(anonymous_8)
FNDA:0,(anonymous_9)
FNDA:0,(anonymous_10)
FNDA:0,(anonymous_11)
FNDA:0,(anonymous_12)
FNDA:0,(anonymous_13)
FNDA:0,(anonymous_14)
FNDA:0,(anonymous_15)
FNDA:0,(anonymous_16)
FNDA:0,(anonymous_17)
FNDA:0,(anonymous_18)
DA:7,1
DA:8,1
DA:9,1
DA:10,1
DA:12,1
DA:13,1
DA:14,1
DA:15,1
DA:17,1
DA:18,1
DA:21,1
DA:23,0
DA:24,0
DA:25,0
DA:26,0
DA:27,0
DA:28,0
DA:30,0
DA:31,0
DA:33,0
DA:36,0
DA:39,0
DA:40,0
DA:43,0
DA:44,0
DA:47,0
DA:52,0
DA:54,0
DA:59,0
DA:63,1
DA:66,1
DA:69,1
LF:32
LH:14
BRDA:54,0,0,0
BRDA:54,0,1,0
BRF:2
BRH:0
end_of_record
